<?xml version="1.0" encoding="UTF-8"?>
<!-- Generated by org.testng.reporters.JUnitReportReporter -->
<testsuite skipped="0" hostname="DESKTOP-FBIF53O" name="testCases.HomePageTest" tests="9" failures="1" timestamp="02 Nov 2018 15:12:33 GMT" time="25.522" errors="0">
  <testcase name="VerifyMenubar" time="1.312" classname="testCases.HomePageTest"/>
  <testcase name="VerifyHomemenuclick" time="4.606" classname="testCases.HomePageTest">
    <failure type="java.lang.AssertionError" message="expected [rgb(251, 205, 82)] but found [rgb(255, 255, 255)]">
      <![CDATA[java.lang.AssertionError: expected [rgb(251, 205, 82)] but found [rgb(255, 255, 255)]
at org.testng.Assert.fail(Assert.java:96)
at org.testng.Assert.failNotEquals(Assert.java:776)
at org.testng.Assert.assertEqualsImpl(Assert.java:137)
at org.testng.Assert.assertEquals(Assert.java:118)
at org.testng.Assert.assertEquals(Assert.java:453)
at org.testng.Assert.assertEquals(Assert.java:463)
at testCases.HomePageTest.VerifyHomemenuclick(HomePageTest.java:45)
at sun.reflect.NativeMethodAccessorImpl.invoke0(Native Method)
at sun.reflect.NativeMethodAccessorImpl.invoke(Unknown Source)
at sun.reflect.DelegatingMethodAccessorImpl.invoke(Unknown Source)
at java.lang.reflect.Method.invoke(Unknown Source)
at org.testng.internal.MethodInvocationHelper.invokeMethod(MethodInvocationHelper.java:124)
at org.testng.internal.Invoker.invokeMethod(Invoker.java:580)
at org.testng.internal.Invoker.invokeTestMethod(Invoker.java:716)
at org.testng.internal.Invoker.invokeTestMethods(Invoker.java:988)
at org.testng.internal.TestMethodWorker.invokeTestMethods(TestMethodWorker.java:125)
at org.testng.internal.TestMethodWorker.run(TestMethodWorker.java:109)
at org.testng.TestRunner.privateRun(TestRunner.java:648)
at org.testng.TestRunner.run(TestRunner.java:505)
at org.testng.SuiteRunner.runTest(SuiteRunner.java:455)
at org.testng.SuiteRunner.runSequentially(SuiteRunner.java:450)
at org.testng.SuiteRunner.privateRun(SuiteRunner.java:415)
at org.testng.SuiteRunner.run(SuiteRunner.java:364)
at org.testng.SuiteRunnerWorker.runSuite(SuiteRunnerWorker.java:52)
at org.testng.SuiteRunnerWorker.run(SuiteRunnerWorker.java:84)
at org.testng.TestNG.runSuitesSequentially(TestNG.java:1208)
at org.testng.TestNG.runSuitesLocally(TestNG.java:1137)
at org.testng.TestNG.runSuites(TestNG.java:1049)
at org.testng.TestNG.run(TestNG.java:1017)
at org.testng.remote.AbstractRemoteTestNG.run(AbstractRemoteTestNG.java:114)
at org.testng.remote.RemoteTestNG.initAndRun(RemoteTestNG.java:251)
at org.testng.remote.RemoteTestNG.main(RemoteTestNG.java:77)
]]>
    </failure>
  </testcase> <!-- VerifyHomemenuclick -->
  <testcase name="VerifyCoursesmenuclick" time="2.746" classname="testCases.HomePageTest"/>
  <testcase name="VerifyVideosmenuclick" time="4.395" classname="testCases.HomePageTest"/>
  <testcase name="VerifyInterviewGuidesmenuclick" time="1.172" classname="testCases.HomePageTest"/>
  <testcase name="VerifyAboutmenuclick" time="0.749" classname="testCases.HomePageTest"/>
  <testcase name="VerifyContactmenuclick" time="0.732" classname="testCases.HomePageTest"/>
  <testcase name="VerifyBlogmenuclick" time="9.554" classname="testCases.HomePageTest"/>
  <testcase name="youtubewindow" time="0.256" classname="testCases.HomePageTest"/>
</testsuite> <!-- testCases.HomePageTest -->
