<?xml version="1.0" encoding="UTF-8"?>
<!-- Generated by org.testng.reporters.JUnitReportReporter -->
<testsuite skipped="0" hostname="DESKTOP-FBIF53O" name="testCases.HomePagemarqueeTest" tests="2" failures="1" timestamp="15 Jan 2019 18:06:07 GMT" time="10.488" errors="0">
  <testcase name="marqueemsg" time="10.400" classname="testCases.HomePagemarqueeTest">
    <failure type="java.lang.AssertionError" message="expected [   CELEBRATING 1 YEAR ANNIVERSARY!!! ALL THE COURSES ARE NOW OFFERED FOR LESS THAN 50$.****LIMITED OFFER*****
   CELEBRATING 1 YEAR ANNIVERSARY!!! ALL THE COURSES ARE NOW OFFERED FOR LESS THAN 50$.****LIMITED OFFER*****
   CELEBRATING 1 YEAR ANNIVERSARY!!! ALL THE COURSES ARE NOW OFFERED FOR LESS THAN 50$.****LIMITED OFFER*****
   CELEBRATING 1 YEAR ANNIVERSARY!!! ALL THE COURSES ARE NOW OFFERED FOR LESS THAN 50$.****LIMITED OFFER*****  ] but found [   CELEBRATING 1 YEAR ANNIVERSARY!!! ALL THE COURSES ARE NOW OFFERED FOR LESS THAN 50$.****LIMITED OFFER*****  
   CELEBRATING 1 YEAR ANNIVERSARY!!! ALL THE COURSES ARE NOW OFFERED FOR LESS THAN 50$.****LIMITED OFFER*****  
   CELEBRATING 1 YEAR ANNIVERSARY!!! ALL THE COURSES ARE NOW OFFERED FOR LESS THAN 50$.****LIMITED OFFER*****  
   CELEBRATING 1 YEAR ANNIVERSARY!!! ALL THE COURSES ARE NOW OFFERED FOR LESS THAN 50$.****LIMITED OFFER*****  ]">
      <![CDATA[java.lang.AssertionError: expected [   CELEBRATING 1 YEAR ANNIVERSARY!!! ALL THE COURSES ARE NOW OFFERED FOR LESS THAN 50$.****LIMITED OFFER*****
   CELEBRATING 1 YEAR ANNIVERSARY!!! ALL THE COURSES ARE NOW OFFERED FOR LESS THAN 50$.****LIMITED OFFER*****
   CELEBRATING 1 YEAR ANNIVERSARY!!! ALL THE COURSES ARE NOW OFFERED FOR LESS THAN 50$.****LIMITED OFFER*****
   CELEBRATING 1 YEAR ANNIVERSARY!!! ALL THE COURSES ARE NOW OFFERED FOR LESS THAN 50$.****LIMITED OFFER*****  ] but found [   CELEBRATING 1 YEAR ANNIVERSARY!!! ALL THE COURSES ARE NOW OFFERED FOR LESS THAN 50$.****LIMITED OFFER*****  
   CELEBRATING 1 YEAR ANNIVERSARY!!! ALL THE COURSES ARE NOW OFFERED FOR LESS THAN 50$.****LIMITED OFFER*****  
   CELEBRATING 1 YEAR ANNIVERSARY!!! ALL THE COURSES ARE NOW OFFERED FOR LESS THAN 50$.****LIMITED OFFER*****  
   CELEBRATING 1 YEAR ANNIVERSARY!!! ALL THE COURSES ARE NOW OFFERED FOR LESS THAN 50$.****LIMITED OFFER*****  ]
at org.testng.Assert.fail(Assert.java:96)
at org.testng.Assert.failNotEquals(Assert.java:776)
at org.testng.Assert.assertEqualsImpl(Assert.java:137)
at org.testng.Assert.assertEquals(Assert.java:118)
at org.testng.Assert.assertEquals(Assert.java:453)
at org.testng.Assert.assertEquals(Assert.java:463)
at testCases.HomePagemarqueeTest.marqueemsg(HomePagemarqueeTest.java:15)
at sun.reflect.NativeMethodAccessorImpl.invoke0(Native Method)
at sun.reflect.NativeMethodAccessorImpl.invoke(Unknown Source)
at sun.reflect.DelegatingMethodAccessorImpl.invoke(Unknown Source)
at java.lang.reflect.Method.invoke(Unknown Source)
at org.testng.internal.MethodInvocationHelper.invokeMethod(MethodInvocationHelper.java:124)
at org.testng.internal.Invoker.invokeMethod(Invoker.java:580)
at org.testng.internal.Invoker.invokeTestMethod(Invoker.java:716)
at org.testng.internal.Invoker.invokeTestMethods(Invoker.java:988)
at org.testng.internal.TestMethodWorker.invokeTestMethods(TestMethodWorker.java:125)
at org.testng.internal.TestMethodWorker.run(TestMethodWorker.java:109)
at org.testng.TestRunner.privateRun(TestRunner.java:648)
at org.testng.TestRunner.run(TestRunner.java:505)
at org.testng.SuiteRunner.runTest(SuiteRunner.java:455)
at org.testng.SuiteRunner.access$000(SuiteRunner.java:40)
at org.testng.SuiteRunner$SuiteWorker.run(SuiteRunner.java:489)
at org.testng.internal.thread.ThreadUtil$1.call(ThreadUtil.java:52)
at java.util.concurrent.FutureTask.run(Unknown Source)
at java.util.concurrent.ThreadPoolExecutor.runWorker(Unknown Source)
at java.util.concurrent.ThreadPoolExecutor$Worker.run(Unknown Source)
at java.lang.Thread.run(Unknown Source)
]]>
    </failure>
  </testcase> <!-- marqueemsg -->
  <testcase name="globetest" time="0.088" classname="testCases.HomePagemarqueeTest"/>
</testsuite> <!-- testCases.HomePagemarqueeTest -->
